0 info it worked if it ends with ok
1 verbose cli [ 'C:\\Program Files\\Node.js_64_bit\\node.exe',
1 verbose cli   'C:\\Program Files\\Node.js_64_bit\\node_modules\\npm\\bin\\npm-cli.js',
1 verbose cli   'start' ]
2 info using npm@2.15.9
3 info using node@v4.6.1
4 verbose stack Error: missing script: start
4 verbose stack     at run (C:\Program Files\Node.js_64_bit\node_modules\npm\lib\run-script.js:142:19)
4 verbose stack     at C:\Program Files\Node.js_64_bit\node_modules\npm\lib\run-script.js:58:5
4 verbose stack     at C:\Program Files\Node.js_64_bit\node_modules\npm\node_modules\read-package-json\read-json.js:356:5
4 verbose stack     at handleExists (C:\Program Files\Node.js_64_bit\node_modules\npm\node_modules\read-package-json\read-json.js:329:20)
4 verbose stack     at FSReqWrap.cb [as oncomplete] (fs.js:212:19)
5 verbose cwd C:\Users\Kristofer\Desktop\Fall2016\CS 336\project1
6 error Windows_NT 10.0.14931
7 error argv "C:\\Program Files\\Node.js_64_bit\\node.exe" "C:\\Program Files\\Node.js_64_bit\\node_modules\\npm\\bin\\npm-cli.js" "start"
8 error node v4.6.1
9 error npm  v2.15.9
10 error missing script: start
11 error If you need help, you may report this error at:
11 error     <https://github.com/npm/npm/issues>
12 verbose exit [ 1, true ]
